-------------------------------------------------------------------------------
Test set: ru.netology.sqr.SQRServiceTest
-------------------------------------------------------------------------------
Tests run: 2, Failures: 1, Errors: 0, Skipped: 0, Time elapsed: 0.078 s <<< FAILURE! - in ru.netology.sqr.SQRServiceTest
shouldSQRUnLimitTest  Time elapsed: 0.015 s  <<< FAILURE!
org.opentest4j.AssertionFailedError: expected: <5> but was: <3>
	at ru.netology.sqr.SQRServiceTest.shouldSQRUnLimitTest(SQRServiceTest.java:28)

