<?xml version="1.0" encoding="UTF-8"?>
<testsuite xmlns:xsi="http://www.w3.org/2001/XMLSchema-instance" xsi:noNamespaceSchemaLocation="https://maven.apache.org/surefire/maven-surefire-plugin/xsd/surefire-test-report.xsd" name="ru.netology.sqr.SQRServiceTest" time="0.078" tests="2" errors="0" skipped="0" failures="1">
  <properties>
[...]
</properties>
  <testcase name="shouldSQRLimitTest" classname="ru.netology.sqr.SQRServiceTest" time="0.063"/>
  <testcase name="shouldSQRUnLimitTest" classname="ru.netology.sqr.SQRServiceTest" time="0.015">
    <failure message="expected: &lt;5&gt; but was: &lt;3&gt;" type="org.opentest4j.AssertionFailedError"><![CDATA[org.opentest4j.AssertionFailedError: expected: <5> but was: <3>
	at ru.netology.sqr.SQRServiceTest.shouldSQRUnLimitTest(SQRServiceTest.java:28)
]]></failure>
    <system-out><![CDATA[Квадрат числа 15 = 225
Квадрат числа 16 = 256
Квадрат числа 17 = 289
]]></system-out>
  </testcase>
</testsuite>